# THERMINATOR 2 Log File
[2021-11-11 20:21:54]	therm2_hbtfit	0	[input]	/home/jedkol/Downloads/modelSR/HBT/LowTemp/H100E0D2femto/femtopiMpiM10a.root	hbtfit.ini	0	
[2021-11-11 20:22:17]	therm2_hbtfit	0	[output]	/home/jedkol/Downloads/modelSR/HBT/LowTemp/H100E0D2femto/	/home/jedkol/Downloads/modelSR/HBT/LowTemp/H100E0D2hbtfit/hbtfitpiMpiM10a.root	hbtradii.txt	
[2021-11-28 16:50:00]	therm2_hbtfit	pion-pion	[input]	/home/jedkol/Downloads/modelSR/HBT/LowTemp/H100E0D2femto/	./femtoFit.ini	pion-pion	
[2021-11-28 16:50:48]	therm2_hbtfit	pion-pion	[input]	/home/jedkol/Downloads/modelSR/HBT/LowTemp/H100E0D2femto/	./femtoFit.ini	pion-pion	
[2021-11-28 16:51:26]	therm2_hbtfit	pion-pion	[input]	/home/jedkol/Downloads/modelSR/HBT/LowTemp/H100E0D2femto/	./femtoFit.ini	pion-pion	
[2021-11-28 16:52:07]	therm2_hbtfit	pion-pion	[input]	/home/jedkol/Downloads/modelSR/HBT/LowTemp/H100E0D2femto/	./femtoFit.ini	pion-pion	
[2021-11-28 16:52:15]	therm2_hbtfit	pion-pion	[output]	/home/jedkol/Downloads/modelSR/HBT/LowTemp/H100E0D2femto/	/home/jedkol/Downloads/modelSR/HBT/LowTemp/H100E0D2hbtfit/hbtfitpipi5a.root	hbtradii.txt	
[2021-11-28 16:52:35]	therm2_hbtfit	pion-pion	[output]	/home/jedkol/Downloads/modelSR/HBT/LowTemp/H100E0D2femto/	/home/jedkol/Downloads/modelSR/HBT/LowTemp/H100E0D2hbtfit/hbtfitpipi6a.root	hbtradii.txt	
[2021-11-28 16:52:47]	therm2_hbtfit	pion-pion	[output]	/home/jedkol/Downloads/modelSR/HBT/LowTemp/H100E0D2femto/	/home/jedkol/Downloads/modelSR/HBT/LowTemp/H100E0D2hbtfit/hbtfitpipi7a.root	hbtradii.txt	
[2021-11-28 16:52:56]	therm2_hbtfit	pion-pion	[output]	/home/jedkol/Downloads/modelSR/HBT/LowTemp/H100E0D2femto/	/home/jedkol/Downloads/modelSR/HBT/LowTemp/H100E0D2hbtfit/hbtfitpipi8a.root	hbtradii.txt	
[2021-11-28 16:53:05]	therm2_hbtfit	pion-pion	[output]	/home/jedkol/Downloads/modelSR/HBT/LowTemp/H100E0D2femto/	/home/jedkol/Downloads/modelSR/HBT/LowTemp/H100E0D2hbtfit/hbtfitpipi9a.root	hbtradii.txt	
[2021-11-28 16:53:15]	therm2_hbtfit	pion-pion	[output]	/home/jedkol/Downloads/modelSR/HBT/LowTemp/H100E0D2femto/	/home/jedkol/Downloads/modelSR/HBT/LowTemp/H100E0D2hbtfit/hbtfitpipi10a.root	hbtradii.txt	
[2021-11-28 16:53:22]	therm2_hbtfit	pion-pion	[output]	/home/jedkol/Downloads/modelSR/HBT/LowTemp/H100E0D2femto/	/home/jedkol/Downloads/modelSR/HBT/LowTemp/H100E0D2hbtfit/hbtfitpipi11a.root	hbtradii.txt	
[2021-11-28 17:19:07]	therm2_hbtfit	pion-pion	[input]	/home/jedkol/Downloads/modelSR/HBT/LowTemp/H100E0D2femto/	./femtoFit.ini	pion-pion	
[2021-11-28 17:19:17]	therm2_hbtfit	pion-pion	[output]	/home/jedkol/Downloads/modelSR/HBT/LowTemp/H100E0D2femto/	/home/jedkol/Downloads/modelSR/HBT/LowTemp/H100E0D2hbtfit/hbtfitpipi5a.root	hbtradii.txt	
[2021-11-28 17:24:28]	therm2_hbtfit	pion-pion	[input]	/home/jedkol/Downloads/modelSR/HBT/LowTemp/H100E0D2femto/	./femtoFit.ini	pion-pion	
[2021-11-28 17:27:27]	therm2_hbtfit	pion-pion	[input]	/home/jedkol/Downloads/modelSR/HBT/LowTemp/H100E0D2femto/	./femtoFit.ini	pion-pion	
[2021-11-28 17:29:04]	therm2_hbtfit	pion-pion	[input]	/home/jedkol/Downloads/modelSR/HBT/LowTemp/H100E0D2femto/	./femtoFit.ini	pion-pion	
[2021-11-28 17:31:44]	therm2_hbtfit	pion-pion	[input]	/home/jedkol/Downloads/modelSR/HBT/LowTemp/H100E0D2femto/	./femtoFit.ini	pion-pion	
[2021-12-02 22:11:09]	therm2_hbtfit	pion-pion	[input]	/home/jedkol/Downloads/modelSR/HBT/LowTemp/H100E0D2femto/	./femtoFit.ini	pion-pion	
[2021-12-03 18:07:17]	therm2_hbtfit	pion-pion	[input]	/home/jedkol/Downloads/modelSR/HBT/LowTemp/H100E0D2femto/	./femtoFit.ini	pion-pion	
[2021-12-03 18:07:27]	therm2_hbtfit	pion-pion	[output]	/home/jedkol/Downloads/modelSR/HBT/LowTemp/H100E0D2femto/	/home/jedkol/Downloads/modelSR/HBT/LowTemp/H100E0D2hbtfit/hbtfitpipi5a.root	hbtradii.txt	
[2021-12-03 18:08:37]	therm2_hbtfit	pion-pion	[output]	/home/jedkol/Downloads/modelSR/HBT/LowTemp/H100E0D2femto/	/home/jedkol/Downloads/modelSR/HBT/LowTemp/H100E0D2hbtfit/hbtfitpipi6a.root	hbtradii.txt	
[2021-12-03 18:09:15]	therm2_hbtfit	pion-pion	[input]	/home/jedkol/Downloads/modelSR/HBT/MotoMoto/H100E0D2femto/	./femtoFit.ini	pion-pion	
[2021-12-03 18:10:08]	therm2_hbtfit	pion-pion	[input]	/home/jedkol/Downloads/modelSR/HBT/MotoMoto/H165E0D4femto/	./femtoFit.ini	pion-pion	
[2021-12-03 18:10:32]	therm2_hbtfit	pion-pion	[input]	/home/jedkol/Downloads/modelSR/HBT/MotoMoto/H165E0D4femto/	./femtoFit.ini	pion-pion	
[2021-12-03 18:10:42]	therm2_hbtfit	pion-pion	[output]	/home/jedkol/Downloads/modelSR/HBT/MotoMoto/H165E0D4femto/	/home/jedkol/Downloads/modelSR/HBT/MotoMoto/H165E0D4hbtfit/hbtfitpipi5a.root	hbtradii.txt	
[2021-12-03 18:11:32]	therm2_hbtfit	pion-pion	[output]	/home/jedkol/Downloads/modelSR/HBT/MotoMoto/H165E0D4femto/	/home/jedkol/Downloads/modelSR/HBT/MotoMoto/H165E0D4hbtfit/hbtfitpipi6a.root	hbtradii.txt	
[2021-12-03 18:11:44]	therm2_hbtfit	pion-pion	[output]	/home/jedkol/Downloads/modelSR/HBT/MotoMoto/H165E0D4femto/	/home/jedkol/Downloads/modelSR/HBT/MotoMoto/H165E0D4hbtfit/hbtfitpipi7a.root	hbtradii.txt	
[2021-12-03 18:11:56]	therm2_hbtfit	pion-pion	[output]	/home/jedkol/Downloads/modelSR/HBT/MotoMoto/H165E0D4femto/	/home/jedkol/Downloads/modelSR/HBT/MotoMoto/H165E0D4hbtfit/hbtfitpipi8a.root	hbtradii.txt	
[2021-12-03 18:12:08]	therm2_hbtfit	pion-pion	[output]	/home/jedkol/Downloads/modelSR/HBT/MotoMoto/H165E0D4femto/	/home/jedkol/Downloads/modelSR/HBT/MotoMoto/H165E0D4hbtfit/hbtfitpipi9a.root	hbtradii.txt	
[2021-12-03 18:12:20]	therm2_hbtfit	pion-pion	[output]	/home/jedkol/Downloads/modelSR/HBT/MotoMoto/H165E0D4femto/	/home/jedkol/Downloads/modelSR/HBT/MotoMoto/H165E0D4hbtfit/hbtfitpipi10a.root	hbtradii.txt	
[2021-12-03 18:12:31]	therm2_hbtfit	pion-pion	[output]	/home/jedkol/Downloads/modelSR/HBT/MotoMoto/H165E0D4femto/	/home/jedkol/Downloads/modelSR/HBT/MotoMoto/H165E0D4hbtfit/hbtfitpipi11a.root	hbtradii.txt	
[2021-12-03 18:12:49]	therm2_hbtfit	pion-pion	[output]	/home/jedkol/Downloads/modelSR/HBT/MotoMoto/H165E0D4femto/	/home/jedkol/Downloads/modelSR/HBT/MotoMoto/H165E0D4hbtfit/hbtfitpipi12a.root	hbtradii.txt	
[2021-12-03 18:55:05]	therm2_hbtfit	pion-pion	[input]	/home/jedkol/Downloads/modelSR/HBT/MotoMoto/H165E0D4femto/	./femtoFit.ini	pion-pion	
[2021-12-03 18:55:16]	therm2_hbtfit	pion-pion	[output]	/home/jedkol/Downloads/modelSR/HBT/MotoMoto/H165E0D4femto/	/home/jedkol/Downloads/modelSR/HBT/MotoMoto/H165E0D4hbtfit/hbtfitpipi5a.root	hbtradii.txt	
[2021-12-03 18:55:48]	therm2_hbtfit	pion-pion	[input]	/home/jedkol/Downloads/modelSR/HBT/MotoMoto/H165E0D4femto/	./femtoFit.ini	pion-pion	
[2021-12-03 18:56:10]	therm2_hbtfit	pion-pion	[input]	/home/jedkol/Downloads/modelSR/HBT/MotoMoto/H165E0D4femto/	./femtoFit.ini	pion-pion	
[2021-12-03 18:56:20]	therm2_hbtfit	pion-pion	[output]	/home/jedkol/Downloads/modelSR/HBT/MotoMoto/H165E0D4femto/	/home/jedkol/Downloads/modelSR/HBT/MotoMoto/H165E0D4hbtfit/hbtfitpipi5a.root	hbtradii.txt	
[2021-12-03 18:58:01]	therm2_hbtfit	pion-pion	[input]	/home/jedkol/Downloads/modelSR/HBT/MotoMoto/H165E0D4femto/	./femtoFit.ini	pion-pion	
[2021-12-03 18:58:15]	therm2_hbtfit	pion-pion	[output]	/home/jedkol/Downloads/modelSR/HBT/MotoMoto/H165E0D4femto/	/home/jedkol/Downloads/modelSR/HBT/MotoMoto/H165E0D4hbtfit/hbtfitpipi5a.root	hbtradii.txt	
[2021-12-03 18:58:33]	therm2_hbtfit	pion-pion	[output]	/home/jedkol/Downloads/modelSR/HBT/MotoMoto/H165E0D4femto/	/home/jedkol/Downloads/modelSR/HBT/MotoMoto/H165E0D4hbtfit/hbtfitpipi6a.root	hbtradii.txt	
[2021-12-03 18:58:39]	therm2_hbtfit	pion-pion	[output]	/home/jedkol/Downloads/modelSR/HBT/MotoMoto/H165E0D4femto/	/home/jedkol/Downloads/modelSR/HBT/MotoMoto/H165E0D4hbtfit/hbtfitpipi7a.root	hbtradii.txt	
[2021-12-03 18:58:48]	therm2_hbtfit	pion-pion	[output]	/home/jedkol/Downloads/modelSR/HBT/MotoMoto/H165E0D4femto/	/home/jedkol/Downloads/modelSR/HBT/MotoMoto/H165E0D4hbtfit/hbtfitpipi8a.root	hbtradii.txt	
[2021-12-03 18:58:54]	therm2_hbtfit	pion-pion	[output]	/home/jedkol/Downloads/modelSR/HBT/MotoMoto/H165E0D4femto/	/home/jedkol/Downloads/modelSR/HBT/MotoMoto/H165E0D4hbtfit/hbtfitpipi9a.root	hbtradii.txt	
[2021-12-03 18:59:00]	therm2_hbtfit	pion-pion	[output]	/home/jedkol/Downloads/modelSR/HBT/MotoMoto/H165E0D4femto/	/home/jedkol/Downloads/modelSR/HBT/MotoMoto/H165E0D4hbtfit/hbtfitpipi10a.root	hbtradii.txt	
[2021-12-03 18:59:19]	therm2_hbtfit	pion-pion	[output]	/home/jedkol/Downloads/modelSR/HBT/MotoMoto/H165E0D4femto/	/home/jedkol/Downloads/modelSR/HBT/MotoMoto/H165E0D4hbtfit/hbtfitpipi11a.root	hbtradii.txt	
[2021-12-03 18:59:28]	therm2_hbtfit	pion-pion	[output]	/home/jedkol/Downloads/modelSR/HBT/MotoMoto/H165E0D4femto/	/home/jedkol/Downloads/modelSR/HBT/MotoMoto/H165E0D4hbtfit/hbtfitpipi12a.root	hbtradii.txt	
[2021-12-03 19:12:02]	therm2_hbtfit	pion-pion	[input]	/home/jedkol/Downloads/modelSR/HBT/MotoMoto/H165E0D4femto/	./femtoFit.ini	pion-pion	
[2021-12-03 19:12:15]	therm2_hbtfit	pion-pion	[output]	/home/jedkol/Downloads/modelSR/HBT/MotoMoto/H165E0D4femto/	/home/jedkol/Downloads/modelSR/HBT/MotoMoto/H165E0D4hbtfit/hbtfitpipi5a.root	hbtradii.txt	
[2021-12-03 19:12:34]	therm2_hbtfit	pion-pion	[output]	/home/jedkol/Downloads/modelSR/HBT/MotoMoto/H165E0D4femto/	/home/jedkol/Downloads/modelSR/HBT/MotoMoto/H165E0D4hbtfit/hbtfitpipi6a.root	hbtradii.txt	
[2021-12-03 19:12:40]	therm2_hbtfit	pion-pion	[output]	/home/jedkol/Downloads/modelSR/HBT/MotoMoto/H165E0D4femto/	/home/jedkol/Downloads/modelSR/HBT/MotoMoto/H165E0D4hbtfit/hbtfitpipi7a.root	hbtradii.txt	
[2021-12-03 19:12:49]	therm2_hbtfit	pion-pion	[output]	/home/jedkol/Downloads/modelSR/HBT/MotoMoto/H165E0D4femto/	/home/jedkol/Downloads/modelSR/HBT/MotoMoto/H165E0D4hbtfit/hbtfitpipi8a.root	hbtradii.txt	
[2021-12-03 19:12:55]	therm2_hbtfit	pion-pion	[output]	/home/jedkol/Downloads/modelSR/HBT/MotoMoto/H165E0D4femto/	/home/jedkol/Downloads/modelSR/HBT/MotoMoto/H165E0D4hbtfit/hbtfitpipi9a.root	hbtradii.txt	
[2021-12-03 19:13:01]	therm2_hbtfit	pion-pion	[output]	/home/jedkol/Downloads/modelSR/HBT/MotoMoto/H165E0D4femto/	/home/jedkol/Downloads/modelSR/HBT/MotoMoto/H165E0D4hbtfit/hbtfitpipi10a.root	hbtradii.txt	
[2021-12-03 19:13:19]	therm2_hbtfit	pion-pion	[output]	/home/jedkol/Downloads/modelSR/HBT/MotoMoto/H165E0D4femto/	/home/jedkol/Downloads/modelSR/HBT/MotoMoto/H165E0D4hbtfit/hbtfitpipi11a.root	hbtradii.txt	
[2021-12-03 19:13:27]	therm2_hbtfit	pion-pion	[output]	/home/jedkol/Downloads/modelSR/HBT/MotoMoto/H165E0D4femto/	/home/jedkol/Downloads/modelSR/HBT/MotoMoto/H165E0D4hbtfit/hbtfitpipi12a.root	hbtradii.txt	
[2021-12-03 19:58:53]	therm2_hbtfit	pion-pion	[input]	/home/jedkol/Downloads/modelSR/HBT/MotoMoto/H165E0D4femto/	./femtoFit.ini	pion-pion	
[2021-12-03 19:59:05]	therm2_hbtfit	pion-pion	[output]	/home/jedkol/Downloads/modelSR/HBT/MotoMoto/H165E0D4femto/	/home/jedkol/Downloads/modelSR/HBT/MotoMoto/H165E0D4hbtfit/hbtfitpipi5a.root	hbtradii.txt	
[2021-12-03 19:59:22]	therm2_hbtfit	pion-pion	[output]	/home/jedkol/Downloads/modelSR/HBT/MotoMoto/H165E0D4femto/	/home/jedkol/Downloads/modelSR/HBT/MotoMoto/H165E0D4hbtfit/hbtfitpipi6a.root	hbtradii.txt	
[2021-12-03 19:59:29]	therm2_hbtfit	pion-pion	[output]	/home/jedkol/Downloads/modelSR/HBT/MotoMoto/H165E0D4femto/	/home/jedkol/Downloads/modelSR/HBT/MotoMoto/H165E0D4hbtfit/hbtfitpipi7a.root	hbtradii.txt	
[2021-12-03 19:59:37]	therm2_hbtfit	pion-pion	[output]	/home/jedkol/Downloads/modelSR/HBT/MotoMoto/H165E0D4femto/	/home/jedkol/Downloads/modelSR/HBT/MotoMoto/H165E0D4hbtfit/hbtfitpipi8a.root	hbtradii.txt	
[2021-12-03 19:59:44]	therm2_hbtfit	pion-pion	[output]	/home/jedkol/Downloads/modelSR/HBT/MotoMoto/H165E0D4femto/	/home/jedkol/Downloads/modelSR/HBT/MotoMoto/H165E0D4hbtfit/hbtfitpipi9a.root	hbtradii.txt	
[2021-12-03 19:59:50]	therm2_hbtfit	pion-pion	[output]	/home/jedkol/Downloads/modelSR/HBT/MotoMoto/H165E0D4femto/	/home/jedkol/Downloads/modelSR/HBT/MotoMoto/H165E0D4hbtfit/hbtfitpipi10a.root	hbtradii.txt	
[2021-12-03 20:00:07]	therm2_hbtfit	pion-pion	[output]	/home/jedkol/Downloads/modelSR/HBT/MotoMoto/H165E0D4femto/	/home/jedkol/Downloads/modelSR/HBT/MotoMoto/H165E0D4hbtfit/hbtfitpipi11a.root	hbtradii.txt	
[2021-12-03 20:00:16]	therm2_hbtfit	pion-pion	[output]	/home/jedkol/Downloads/modelSR/HBT/MotoMoto/H165E0D4femto/	/home/jedkol/Downloads/modelSR/HBT/MotoMoto/H165E0D4hbtfit/hbtfitpipi12a.root	hbtradii.txt	
[2021-12-03 20:04:09]	therm2_hbtfit	pion-pion	[input]	/home/jedkol/Downloads/modelSR/HBT/MotoMoto/H165E0D4femto/	./femtoFit.ini	pion-pion	
[2021-12-03 20:04:22]	therm2_hbtfit	pion-pion	[output]	/home/jedkol/Downloads/modelSR/HBT/MotoMoto/H165E0D4femto/	/home/jedkol/Downloads/modelSR/HBT/MotoMoto/H165E0D4hbtfit/hbtfitpipi5a.root	hbtradii.txt	
[2021-12-03 20:04:39]	therm2_hbtfit	pion-pion	[output]	/home/jedkol/Downloads/modelSR/HBT/MotoMoto/H165E0D4femto/	/home/jedkol/Downloads/modelSR/HBT/MotoMoto/H165E0D4hbtfit/hbtfitpipi6a.root	hbtradii.txt	
[2021-12-03 20:04:46]	therm2_hbtfit	pion-pion	[output]	/home/jedkol/Downloads/modelSR/HBT/MotoMoto/H165E0D4femto/	/home/jedkol/Downloads/modelSR/HBT/MotoMoto/H165E0D4hbtfit/hbtfitpipi7a.root	hbtradii.txt	
[2021-12-03 20:04:54]	therm2_hbtfit	pion-pion	[output]	/home/jedkol/Downloads/modelSR/HBT/MotoMoto/H165E0D4femto/	/home/jedkol/Downloads/modelSR/HBT/MotoMoto/H165E0D4hbtfit/hbtfitpipi8a.root	hbtradii.txt	
[2021-12-03 20:05:01]	therm2_hbtfit	pion-pion	[output]	/home/jedkol/Downloads/modelSR/HBT/MotoMoto/H165E0D4femto/	/home/jedkol/Downloads/modelSR/HBT/MotoMoto/H165E0D4hbtfit/hbtfitpipi9a.root	hbtradii.txt	
[2021-12-03 20:05:07]	therm2_hbtfit	pion-pion	[output]	/home/jedkol/Downloads/modelSR/HBT/MotoMoto/H165E0D4femto/	/home/jedkol/Downloads/modelSR/HBT/MotoMoto/H165E0D4hbtfit/hbtfitpipi10a.root	hbtradii.txt	
[2021-12-03 20:05:25]	therm2_hbtfit	pion-pion	[output]	/home/jedkol/Downloads/modelSR/HBT/MotoMoto/H165E0D4femto/	/home/jedkol/Downloads/modelSR/HBT/MotoMoto/H165E0D4hbtfit/hbtfitpipi11a.root	hbtradii.txt	
[2021-12-03 20:05:33]	therm2_hbtfit	pion-pion	[output]	/home/jedkol/Downloads/modelSR/HBT/MotoMoto/H165E0D4femto/	/home/jedkol/Downloads/modelSR/HBT/MotoMoto/H165E0D4hbtfit/hbtfitpipi12a.root	hbtradii.txt	
[2021-12-03 20:13:41]	therm2_hbtfit	pion-pion	[input]	/home/jedkol/Downloads/modelSR/HBT/MotoMoto/H165E0D4femto/	./femtoFit.ini	pion-pion	
[2021-12-03 20:13:54]	therm2_hbtfit	pion-pion	[output]	/home/jedkol/Downloads/modelSR/HBT/MotoMoto/H165E0D4femto/	/home/jedkol/Downloads/modelSR/HBT/MotoMoto/H165E0D4hbtfit/hbtfitpipi5a.root	hbtradii.txt	
[2021-12-03 20:14:11]	therm2_hbtfit	pion-pion	[output]	/home/jedkol/Downloads/modelSR/HBT/MotoMoto/H165E0D4femto/	/home/jedkol/Downloads/modelSR/HBT/MotoMoto/H165E0D4hbtfit/hbtfitpipi6a.root	hbtradii.txt	
[2021-12-03 20:14:18]	therm2_hbtfit	pion-pion	[output]	/home/jedkol/Downloads/modelSR/HBT/MotoMoto/H165E0D4femto/	/home/jedkol/Downloads/modelSR/HBT/MotoMoto/H165E0D4hbtfit/hbtfitpipi7a.root	hbtradii.txt	
[2021-12-03 20:14:26]	therm2_hbtfit	pion-pion	[output]	/home/jedkol/Downloads/modelSR/HBT/MotoMoto/H165E0D4femto/	/home/jedkol/Downloads/modelSR/HBT/MotoMoto/H165E0D4hbtfit/hbtfitpipi8a.root	hbtradii.txt	
[2021-12-03 20:14:33]	therm2_hbtfit	pion-pion	[output]	/home/jedkol/Downloads/modelSR/HBT/MotoMoto/H165E0D4femto/	/home/jedkol/Downloads/modelSR/HBT/MotoMoto/H165E0D4hbtfit/hbtfitpipi9a.root	hbtradii.txt	
[2021-12-03 20:14:39]	therm2_hbtfit	pion-pion	[output]	/home/jedkol/Downloads/modelSR/HBT/MotoMoto/H165E0D4femto/	/home/jedkol/Downloads/modelSR/HBT/MotoMoto/H165E0D4hbtfit/hbtfitpipi10a.root	hbtradii.txt	
[2021-12-03 20:14:57]	therm2_hbtfit	pion-pion	[output]	/home/jedkol/Downloads/modelSR/HBT/MotoMoto/H165E0D4femto/	/home/jedkol/Downloads/modelSR/HBT/MotoMoto/H165E0D4hbtfit/hbtfitpipi11a.root	hbtradii.txt	
[2021-12-03 20:15:05]	therm2_hbtfit	pion-pion	[output]	/home/jedkol/Downloads/modelSR/HBT/MotoMoto/H165E0D4femto/	/home/jedkol/Downloads/modelSR/HBT/MotoMoto/H165E0D4hbtfit/hbtfitpipi12a.root	hbtradii.txt	
[2021-12-03 20:21:17]	therm2_hbtfit	pion-pion	[input]	/home/jedkol/Downloads/modelSR/HBT/MotoMoto/H165E0D4femto/	./femtoFit.ini	pion-pion	
[2021-12-03 20:21:29]	therm2_hbtfit	pion-pion	[output]	/home/jedkol/Downloads/modelSR/HBT/MotoMoto/H165E0D4femto/	/home/jedkol/Downloads/modelSR/HBT/MotoMoto/H165E0D4hbtfit/hbtfitpipi5a.root	hbtradii.txt	
[2021-12-03 20:21:47]	therm2_hbtfit	pion-pion	[output]	/home/jedkol/Downloads/modelSR/HBT/MotoMoto/H165E0D4femto/	/home/jedkol/Downloads/modelSR/HBT/MotoMoto/H165E0D4hbtfit/hbtfitpipi6a.root	hbtradii.txt	
[2021-12-03 20:21:54]	therm2_hbtfit	pion-pion	[output]	/home/jedkol/Downloads/modelSR/HBT/MotoMoto/H165E0D4femto/	/home/jedkol/Downloads/modelSR/HBT/MotoMoto/H165E0D4hbtfit/hbtfitpipi7a.root	hbtradii.txt	
[2021-12-03 20:22:02]	therm2_hbtfit	pion-pion	[output]	/home/jedkol/Downloads/modelSR/HBT/MotoMoto/H165E0D4femto/	/home/jedkol/Downloads/modelSR/HBT/MotoMoto/H165E0D4hbtfit/hbtfitpipi8a.root	hbtradii.txt	
[2021-12-03 20:22:08]	therm2_hbtfit	pion-pion	[output]	/home/jedkol/Downloads/modelSR/HBT/MotoMoto/H165E0D4femto/	/home/jedkol/Downloads/modelSR/HBT/MotoMoto/H165E0D4hbtfit/hbtfitpipi9a.root	hbtradii.txt	
[2021-12-05 21:25:21]	therm2_hbtfit	pion-pion	[input]	/home/jedkol/Downloads/modelSR/HBT/MotoMoto/H165E0D4femto/	./femtoFit.ini	pion-pion	
[2021-12-05 21:25:33]	therm2_hbtfit	pion-pion	[output]	/home/jedkol/Downloads/modelSR/HBT/MotoMoto/H165E0D4femto/	/home/jedkol/Downloads/modelSR/HBT/MotoMoto/H165E0D4hbtfit/hbtfitpipi5a.root	hbtradii.txt	
[2021-12-05 21:25:50]	therm2_hbtfit	pion-pion	[output]	/home/jedkol/Downloads/modelSR/HBT/MotoMoto/H165E0D4femto/	/home/jedkol/Downloads/modelSR/HBT/MotoMoto/H165E0D4hbtfit/hbtfitpipi6a.root	hbtradii.txt	
[2021-12-05 21:25:57]	therm2_hbtfit	pion-pion	[output]	/home/jedkol/Downloads/modelSR/HBT/MotoMoto/H165E0D4femto/	/home/jedkol/Downloads/modelSR/HBT/MotoMoto/H165E0D4hbtfit/hbtfitpipi7a.root	hbtradii.txt	
[2021-12-05 21:26:05]	therm2_hbtfit	pion-pion	[output]	/home/jedkol/Downloads/modelSR/HBT/MotoMoto/H165E0D4femto/	/home/jedkol/Downloads/modelSR/HBT/MotoMoto/H165E0D4hbtfit/hbtfitpipi8a.root	hbtradii.txt	
[2021-12-05 21:26:12]	therm2_hbtfit	pion-pion	[output]	/home/jedkol/Downloads/modelSR/HBT/MotoMoto/H165E0D4femto/	/home/jedkol/Downloads/modelSR/HBT/MotoMoto/H165E0D4hbtfit/hbtfitpipi9a.root	hbtradii.txt	
[2021-12-05 21:26:18]	therm2_hbtfit	pion-pion	[output]	/home/jedkol/Downloads/modelSR/HBT/MotoMoto/H165E0D4femto/	/home/jedkol/Downloads/modelSR/HBT/MotoMoto/H165E0D4hbtfit/hbtfitpipi10a.root	hbtradii.txt	
[2021-12-05 21:26:35]	therm2_hbtfit	pion-pion	[output]	/home/jedkol/Downloads/modelSR/HBT/MotoMoto/H165E0D4femto/	/home/jedkol/Downloads/modelSR/HBT/MotoMoto/H165E0D4hbtfit/hbtfitpipi11a.root	hbtradii.txt	
[2021-12-05 21:26:44]	therm2_hbtfit	pion-pion	[output]	/home/jedkol/Downloads/modelSR/HBT/MotoMoto/H165E0D4femto/	/home/jedkol/Downloads/modelSR/HBT/MotoMoto/H165E0D4hbtfit/hbtfitpipi12a.root	hbtradii.txt	
[2021-12-05 21:43:17]	therm2_hbtfit	pion-pion	[input]	/home/jedkol/Downloads/modelSR/HBT/MotoMoto/H165E0D4femto/	./femtoFit.ini	pion-pion	
[2021-12-05 21:43:29]	therm2_hbtfit	pion-pion	[output]	/home/jedkol/Downloads/modelSR/HBT/MotoMoto/H165E0D4femto/	/home/jedkol/Downloads/modelSR/HBT/MotoMoto/H165E0D4hbtfit/hbtfitpipi5a.root	hbtradii.txt	
[2021-12-05 21:43:46]	therm2_hbtfit	pion-pion	[output]	/home/jedkol/Downloads/modelSR/HBT/MotoMoto/H165E0D4femto/	/home/jedkol/Downloads/modelSR/HBT/MotoMoto/H165E0D4hbtfit/hbtfitpipi6a.root	hbtradii.txt	
[2021-12-05 21:43:52]	therm2_hbtfit	pion-pion	[output]	/home/jedkol/Downloads/modelSR/HBT/MotoMoto/H165E0D4femto/	/home/jedkol/Downloads/modelSR/HBT/MotoMoto/H165E0D4hbtfit/hbtfitpipi7a.root	hbtradii.txt	
[2021-12-05 21:44:00]	therm2_hbtfit	pion-pion	[output]	/home/jedkol/Downloads/modelSR/HBT/MotoMoto/H165E0D4femto/	/home/jedkol/Downloads/modelSR/HBT/MotoMoto/H165E0D4hbtfit/hbtfitpipi8a.root	hbtradii.txt	
[2021-12-05 21:44:06]	therm2_hbtfit	pion-pion	[output]	/home/jedkol/Downloads/modelSR/HBT/MotoMoto/H165E0D4femto/	/home/jedkol/Downloads/modelSR/HBT/MotoMoto/H165E0D4hbtfit/hbtfitpipi9a.root	hbtradii.txt	
[2021-12-05 21:44:12]	therm2_hbtfit	pion-pion	[output]	/home/jedkol/Downloads/modelSR/HBT/MotoMoto/H165E0D4femto/	/home/jedkol/Downloads/modelSR/HBT/MotoMoto/H165E0D4hbtfit/hbtfitpipi10a.root	hbtradii.txt	
[2021-12-05 21:53:34]	therm2_hbtfit	pion-pion	[input]	/home/jedkol/Downloads/modelSR/HBT/MotoMoto/H165E0D4femto/	./femtoFit.ini	pion-pion	
[2021-12-05 21:53:47]	therm2_hbtfit	pion-pion	[output]	/home/jedkol/Downloads/modelSR/HBT/MotoMoto/H165E0D4femto/	/home/jedkol/Downloads/modelSR/HBT/MotoMoto/H165E0D4hbtfit/hbtfitpipi5a.root	hbtradii.txt	
[2021-12-05 21:54:04]	therm2_hbtfit	pion-pion	[output]	/home/jedkol/Downloads/modelSR/HBT/MotoMoto/H165E0D4femto/	/home/jedkol/Downloads/modelSR/HBT/MotoMoto/H165E0D4hbtfit/hbtfitpipi6a.root	hbtradii.txt	
[2021-12-05 21:54:11]	therm2_hbtfit	pion-pion	[output]	/home/jedkol/Downloads/modelSR/HBT/MotoMoto/H165E0D4femto/	/home/jedkol/Downloads/modelSR/HBT/MotoMoto/H165E0D4hbtfit/hbtfitpipi7a.root	hbtradii.txt	
[2021-12-05 21:54:19]	therm2_hbtfit	pion-pion	[output]	/home/jedkol/Downloads/modelSR/HBT/MotoMoto/H165E0D4femto/	/home/jedkol/Downloads/modelSR/HBT/MotoMoto/H165E0D4hbtfit/hbtfitpipi8a.root	hbtradii.txt	
[2021-12-05 21:54:26]	therm2_hbtfit	pion-pion	[output]	/home/jedkol/Downloads/modelSR/HBT/MotoMoto/H165E0D4femto/	/home/jedkol/Downloads/modelSR/HBT/MotoMoto/H165E0D4hbtfit/hbtfitpipi9a.root	hbtradii.txt	
[2021-12-05 21:54:32]	therm2_hbtfit	pion-pion	[output]	/home/jedkol/Downloads/modelSR/HBT/MotoMoto/H165E0D4femto/	/home/jedkol/Downloads/modelSR/HBT/MotoMoto/H165E0D4hbtfit/hbtfitpipi10a.root	hbtradii.txt	
[2021-12-06 00:29:34]	therm2_hbtfit	pion-pion	[input]	/home/jedkol/Downloads/modelSR/HBT/MotoMoto/H165E0D4femto/	./femtoFit.ini	pion-pion	
[2021-12-06 00:31:28]	therm2_hbtfit	pion-pion	[input]	/home/jedkol/Downloads/modelSR/HBT/MotoMoto/H165E0D4femto/	./femtoFit.ini	pion-pion	
[2021-12-06 00:31:40]	therm2_hbtfit	pion-pion	[output]	/home/jedkol/Downloads/modelSR/HBT/MotoMoto/H165E0D4femto/	/home/jedkol/Downloads/modelSR/HBT/MotoMoto/H165E0D4hbtfit/hbtfitpipi5a.root	hbtradii.txt	
[2021-12-06 00:31:58]	therm2_hbtfit	pion-pion	[output]	/home/jedkol/Downloads/modelSR/HBT/MotoMoto/H165E0D4femto/	/home/jedkol/Downloads/modelSR/HBT/MotoMoto/H165E0D4hbtfit/hbtfitpipi6a.root	hbtradii.txt	
[2021-12-06 00:32:05]	therm2_hbtfit	pion-pion	[output]	/home/jedkol/Downloads/modelSR/HBT/MotoMoto/H165E0D4femto/	/home/jedkol/Downloads/modelSR/HBT/MotoMoto/H165E0D4hbtfit/hbtfitpipi7a.root	hbtradii.txt	
[2021-12-06 00:32:13]	therm2_hbtfit	pion-pion	[output]	/home/jedkol/Downloads/modelSR/HBT/MotoMoto/H165E0D4femto/	/home/jedkol/Downloads/modelSR/HBT/MotoMoto/H165E0D4hbtfit/hbtfitpipi8a.root	hbtradii.txt	
[2021-12-06 00:32:20]	therm2_hbtfit	pion-pion	[output]	/home/jedkol/Downloads/modelSR/HBT/MotoMoto/H165E0D4femto/	/home/jedkol/Downloads/modelSR/HBT/MotoMoto/H165E0D4hbtfit/hbtfitpipi9a.root	hbtradii.txt	
[2021-12-06 00:32:26]	therm2_hbtfit	pion-pion	[output]	/home/jedkol/Downloads/modelSR/HBT/MotoMoto/H165E0D4femto/	/home/jedkol/Downloads/modelSR/HBT/MotoMoto/H165E0D4hbtfit/hbtfitpipi10a.root	hbtradii.txt	
[2021-12-06 00:32:44]	therm2_hbtfit	pion-pion	[output]	/home/jedkol/Downloads/modelSR/HBT/MotoMoto/H165E0D4femto/	/home/jedkol/Downloads/modelSR/HBT/MotoMoto/H165E0D4hbtfit/hbtfitpipi11a.root	hbtradii.txt	
[2021-12-06 00:32:53]	therm2_hbtfit	pion-pion	[output]	/home/jedkol/Downloads/modelSR/HBT/MotoMoto/H165E0D4femto/	/home/jedkol/Downloads/modelSR/HBT/MotoMoto/H165E0D4hbtfit/hbtfitpipi12a.root	hbtradii.txt	
